<?xml version="1.0" encoding="UTF-8"?>
<testsuite name="Steps.MyStepdefs" tests="2" skipped="0" failures="0" errors="0" timestamp="2018-04-29T15:40:38" hostname="SuperFly" time="5.48">
  <properties/>
  <testcase name="userNavigatiesToLoginPage" classname="Steps.MyStepdefs" time="5.157"/>
  <testcase name="user_enters_correct_username_deatils" classname="Steps.MyStepdefs" time="0.322"/>
  <system-out><![CDATA[user navs to home page
Enters Correct UN and Details
Trying to get HTTP responce 
200
]]></system-out>
  <system-err><![CDATA[[INFO  - 2018-04-29T15:40:39.890Z] GhostDriver - Main - running on port 12179
[INFO  - 2018-04-29T15:40:40.553Z] Session [aba91150-4bc3-11e8-b9e3-5d85a41b7bdf] - page.settings - {"XSSAuditingEnabled":false,"javascriptCanCloseWindows":true,"javascriptCanOpenWindows":true,"javascriptEnabled":true,"loadImages":true,"localToRemoteUrlAccessEnabled":false,"userAgent":"Mozilla/5.0 (Windows NT 6.2; WOW64) AppleWebKit/538.1 (KHTML, like Gecko) PhantomJS/2.1.1 Safari/538.1","webSecurityEnabled":true}
[INFO  - 2018-04-29T15:40:40.553Z] Session [aba91150-4bc3-11e8-b9e3-5d85a41b7bdf] - page.customHeaders:  - {}
[INFO  - 2018-04-29T15:40:40.554Z] Session [aba91150-4bc3-11e8-b9e3-5d85a41b7bdf] - Session.negotiatedCapabilities - {"browserName":"phantomjs","version":"2.1.1","driverName":"ghostdriver","driverVersion":"1.2.0","platform":"windows-10-32bit","javascriptEnabled":true,"takesScreenshot":true,"handlesAlerts":false,"databaseEnabled":false,"locationContextEnabled":false,"applicationCacheEnabled":false,"browserConnectionEnabled":false,"cssSelectorsEnabled":true,"webStorageEnabled":false,"rotatable":false,"acceptSslCerts":false,"nativeEvents":true,"proxy":{"proxyType":"direct"}}
[INFO  - 2018-04-29T15:40:40.554Z] SessionManagerReqHand - _postNewSessionCommand - New Session Created: aba91150-4bc3-11e8-b9e3-5d85a41b7bdf
Apr 29, 2018 4:40:40 PM org.openqa.selenium.remote.ProtocolHandshake createSession
INFO: Detected dialect: OSS
[INFO  - 2018-04-29T15:40:43.149Z] ShutdownReqHand - _handle - About to shutdown
]]></system-err>
</testsuite>
